0 verbose cli /usr/local/bin/node /usr/local/bin/npm
1 info using npm@11.6.2
2 info using node@v24.11.1
3 silly config load:file:/usr/local/lib/node_modules/npm/npmrc
4 silly config load:file:/Users/andrew/Library/CloudStorage/GoogleDrive-mrakingston@gmail.com/My Drive/Vercel projects/Pharmacoepidemiology/presentation/.npmrc
5 silly config load:file:/Users/andrew/.npmrc
6 silly config load:file:/usr/local/etc/npmrc
7 verbose title npm install framer-motion lucide-react html2pdf.js
8 verbose argv "install" "--cache" ".npm" "framer-motion" "lucide-react" "html2pdf.js"
9 verbose logfile logs-max:10 dir:/Users/andrew/Library/CloudStorage/GoogleDrive-mrakingston@gmail.com/My Drive/Vercel projects/Pharmacoepidemiology/presentation/.npm/_logs/2026-03-03T22_25_39_471Z-
10 verbose logfile /Users/andrew/Library/CloudStorage/GoogleDrive-mrakingston@gmail.com/My Drive/Vercel projects/Pharmacoepidemiology/presentation/.npm/_logs/2026-03-03T22_25_39_471Z-debug-0.log
11 silly logfile done cleaning log files
12 silly packumentCache heap:2348810240 maxSize:587202560 maxEntrySize:293601280
13 silly idealTree buildDeps
14 silly fetch manifest framer-motion@*
15 silly packumentCache full:https://registry.npmjs.org/framer-motion cache-miss
16 http fetch GET 200 https://registry.npmjs.org/framer-motion 259ms (cache miss)
17 silly packumentCache full:https://registry.npmjs.org/framer-motion set size:undefined disposed:false
18 silly fetch manifest @emotion/is-prop-valid@*
19 silly packumentCache full:https://registry.npmjs.org/@emotion%2fis-prop-valid cache-miss
20 http fetch GET 200 https://registry.npmjs.org/@emotion%2fis-prop-valid 204ms (cache miss)
21 silly packumentCache full:https://registry.npmjs.org/@emotion%2fis-prop-valid set size:undefined disposed:false
22 silly fetch manifest react@19.2.3
23 silly packumentCache full:https://registry.npmjs.org/react cache-miss
24 http cache https://registry.npmjs.org/react 13ms (cache hit)
25 silly packumentCache full:https://registry.npmjs.org/react set size:6527769 disposed:false
26 silly fetch manifest react-dom@19.2.3
27 silly packumentCache full:https://registry.npmjs.org/react-dom cache-miss
28 http cache https://registry.npmjs.org/react-dom 18ms (cache hit)
29 silly packumentCache full:https://registry.npmjs.org/react-dom set size:8658165 disposed:false
30 silly fetch manifest lucide-react@*
31 silly packumentCache full:https://registry.npmjs.org/lucide-react cache-miss
32 http fetch GET 200 https://registry.npmjs.org/lucide-react 84ms (cache miss)
33 silly packumentCache full:https://registry.npmjs.org/lucide-react set size:undefined disposed:false
34 silly fetch manifest html2pdf.js@*
35 silly packumentCache full:https://registry.npmjs.org/html2pdf.js cache-miss
36 http fetch GET 200 https://registry.npmjs.org/html2pdf.js 226ms (cache miss)
37 silly packumentCache full:https://registry.npmjs.org/html2pdf.js set size:undefined disposed:false
38 silly placeDep ROOT framer-motion@12.34.5 OK for: presentation@0.1.0 want: *
39 silly placeDep ROOT html2pdf.js@0.14.0 OK for: presentation@0.1.0 want: *
40 silly placeDep ROOT lucide-react@0.576.0 OK for: presentation@0.1.0 want: *
41 silly fetch manifest motion-dom@^12.34.5
42 silly packumentCache full:https://registry.npmjs.org/motion-dom cache-miss
43 silly fetch manifest motion-utils@^12.29.2
44 silly packumentCache full:https://registry.npmjs.org/motion-utils cache-miss
45 silly fetch manifest dompurify@^3.3.1
46 silly packumentCache full:https://registry.npmjs.org/dompurify cache-miss
47 silly fetch manifest html2canvas@^1.0.0
48 silly packumentCache full:https://registry.npmjs.org/html2canvas cache-miss
49 silly fetch manifest jspdf@^4.0.0
50 silly packumentCache full:https://registry.npmjs.org/jspdf cache-miss
51 http fetch GET 200 https://registry.npmjs.org/motion-dom 56ms (cache miss)
52 silly packumentCache full:https://registry.npmjs.org/motion-dom set size:undefined disposed:false
53 http fetch GET 200 https://registry.npmjs.org/motion-utils 90ms (cache miss)
54 silly packumentCache full:https://registry.npmjs.org/motion-utils set size:undefined disposed:false
55 http fetch GET 200 https://registry.npmjs.org/jspdf 106ms (cache miss)
56 silly packumentCache full:https://registry.npmjs.org/jspdf set size:undefined disposed:false
57 http fetch GET 200 https://registry.npmjs.org/dompurify 124ms (cache miss)
58 silly packumentCache full:https://registry.npmjs.org/dompurify set size:undefined disposed:false
59 http fetch GET 200 https://registry.npmjs.org/html2canvas 275ms (cache miss)
60 silly packumentCache full:https://registry.npmjs.org/html2canvas set size:undefined disposed:false
61 silly placeDep ROOT motion-dom@12.34.5 OK for: framer-motion@12.34.5 want: ^12.34.5
62 silly placeDep ROOT motion-utils@12.29.2 OK for: framer-motion@12.34.5 want: ^12.29.2
63 silly placeDep ROOT dompurify@3.3.1 OK for: html2pdf.js@0.14.0 want: ^3.3.1
64 silly placeDep ROOT html2canvas@1.4.1 OK for: html2pdf.js@0.14.0 want: ^1.0.0
65 silly placeDep ROOT jspdf@4.2.0 OK for: html2pdf.js@0.14.0 want: ^4.0.0
66 silly fetch manifest @types/trusted-types@^2.0.7
67 silly packumentCache full:https://registry.npmjs.org/@types%2ftrusted-types cache-miss
68 silly fetch manifest css-line-break@^2.1.0
69 silly packumentCache full:https://registry.npmjs.org/css-line-break cache-miss
70 silly fetch manifest text-segmentation@^1.0.3
71 silly packumentCache full:https://registry.npmjs.org/text-segmentation cache-miss
72 silly fetch manifest @babel/runtime@^7.28.6
73 silly packumentCache full:https://registry.npmjs.org/@babel%2fruntime cache-miss
74 silly fetch manifest fflate@^0.8.1
75 silly packumentCache full:https://registry.npmjs.org/fflate cache-miss
76 silly fetch manifest fast-png@^6.2.0
77 silly packumentCache full:https://registry.npmjs.org/fast-png cache-miss
78 silly fetch manifest canvg@^3.0.11
79 silly packumentCache full:https://registry.npmjs.org/canvg cache-miss
80 http fetch GET 200 https://registry.npmjs.org/css-line-break 43ms (cache miss)
81 silly packumentCache full:https://registry.npmjs.org/css-line-break set size:undefined disposed:false
82 silly fetch manifest core-js@^3.6.0
83 silly packumentCache full:https://registry.npmjs.org/core-js cache-miss
84 http fetch GET 200 https://registry.npmjs.org/text-segmentation 48ms (cache miss)
85 silly packumentCache full:https://registry.npmjs.org/text-segmentation set size:undefined disposed:false
86 http fetch GET 200 https://registry.npmjs.org/@types%2ftrusted-types 60ms (cache miss)
87 silly packumentCache full:https://registry.npmjs.org/@types%2ftrusted-types set size:undefined disposed:false
88 http fetch GET 200 https://registry.npmjs.org/fast-png 103ms (cache miss)
89 silly packumentCache full:https://registry.npmjs.org/fast-png set size:undefined disposed:false
90 http fetch GET 200 https://registry.npmjs.org/canvg 107ms (cache miss)
91 silly packumentCache full:https://registry.npmjs.org/canvg set size:undefined disposed:false
92 http fetch GET 200 https://registry.npmjs.org/core-js 67ms (cache miss)
93 silly packumentCache full:https://registry.npmjs.org/core-js set size:undefined disposed:false
94 http fetch GET 200 https://registry.npmjs.org/@babel%2fruntime 118ms (cache miss)
95 silly packumentCache full:https://registry.npmjs.org/@babel%2fruntime set size:undefined disposed:false
96 http fetch GET 200 https://registry.npmjs.org/fflate 222ms (cache miss)
97 silly packumentCache full:https://registry.npmjs.org/fflate set size:undefined disposed:false
98 silly placeDep ROOT @types/trusted-types@2.0.7 OK for: dompurify@3.3.1 want: ^2.0.7
99 silly placeDep ROOT css-line-break@2.1.0 OK for: html2canvas@1.4.1 want: ^2.1.0
100 silly placeDep ROOT text-segmentation@1.0.3 OK for: html2canvas@1.4.1 want: ^1.0.3
101 silly fetch manifest utrie@^1.0.2
102 silly packumentCache full:https://registry.npmjs.org/utrie cache-miss
103 silly fetch manifest utrie@^1.0.2
104 silly packumentCache full:https://registry.npmjs.org/utrie cache-miss
105 http fetch GET 200 https://registry.npmjs.org/utrie 38ms (cache miss)
106 silly packumentCache full:https://registry.npmjs.org/utrie set size:undefined disposed:false
107 http fetch GET 200 https://registry.npmjs.org/utrie 42ms (cache miss)
108 silly packumentCache full:https://registry.npmjs.org/utrie set size:undefined disposed:false
109 silly placeDep ROOT utrie@1.0.2 OK for: css-line-break@2.1.0 want: ^1.0.2
110 silly fetch manifest base64-arraybuffer@^1.0.2
111 silly packumentCache full:https://registry.npmjs.org/base64-arraybuffer cache-miss
112 http fetch GET 200 https://registry.npmjs.org/base64-arraybuffer 32ms (cache miss)
113 silly packumentCache full:https://registry.npmjs.org/base64-arraybuffer set size:undefined disposed:false
114 silly placeDep ROOT @babel/runtime@7.28.6 OK for: jspdf@4.2.0 want: ^7.28.6
115 silly placeDep ROOT canvg@3.0.11 OK for: jspdf@4.2.0 want: ^3.0.11
116 silly placeDep ROOT core-js@3.48.0 OK for: jspdf@4.2.0 want: ^3.6.0
117 silly placeDep ROOT fast-png@6.4.0 OK for: jspdf@4.2.0 want: ^6.2.0
118 silly placeDep ROOT fflate@0.8.2 OK for: jspdf@4.2.0 want: ^0.8.1
119 silly fetch manifest raf@^3.4.1
120 silly packumentCache full:https://registry.npmjs.org/raf cache-miss
121 silly fetch manifest core-js@^3.8.3
122 silly packumentCache full:https://registry.npmjs.org/core-js cache-miss
123 silly fetch manifest rgbcolor@^1.0.1
124 silly packumentCache full:https://registry.npmjs.org/rgbcolor cache-miss
125 silly fetch manifest @types/raf@^3.4.0
126 silly packumentCache full:https://registry.npmjs.org/@types%2fraf cache-miss
127 silly fetch manifest svg-pathdata@^6.0.3
128 silly packumentCache full:https://registry.npmjs.org/svg-pathdata cache-miss
129 silly fetch manifest stackblur-canvas@^2.0.0
130 silly packumentCache full:https://registry.npmjs.org/stackblur-canvas cache-miss
131 silly fetch manifest regenerator-runtime@^0.13.7
132 silly packumentCache full:https://registry.npmjs.org/regenerator-runtime cache-miss
133 http cache https://registry.npmjs.org/core-js 7ms (cache hit)
134 silly packumentCache full:https://registry.npmjs.org/core-js set size:776323 disposed:false
135 silly fetch manifest pako@^2.1.0
136 silly packumentCache full:https://registry.npmjs.org/pako cache-miss
137 http fetch GET 200 https://registry.npmjs.org/raf 41ms (cache miss)
138 silly packumentCache full:https://registry.npmjs.org/raf set size:undefined disposed:false
139 silly fetch manifest iobuffer@^5.3.2
140 silly packumentCache full:https://registry.npmjs.org/iobuffer cache-miss
141 http fetch GET 200 https://registry.npmjs.org/pako 42ms (cache miss)
142 silly packumentCache full:https://registry.npmjs.org/pako set size:undefined disposed:false
143 silly fetch manifest @types/pako@^2.0.3
144 silly packumentCache full:https://registry.npmjs.org/@types%2fpako cache-miss
145 http fetch GET 200 https://registry.npmjs.org/stackblur-canvas 54ms (cache miss)
146 silly packumentCache full:https://registry.npmjs.org/stackblur-canvas set size:undefined disposed:false
147 http fetch GET 200 https://registry.npmjs.org/rgbcolor 56ms (cache miss)
148 silly packumentCache full:https://registry.npmjs.org/rgbcolor set size:undefined disposed:false
149 http fetch GET 200 https://registry.npmjs.org/regenerator-runtime 55ms (cache miss)
150 silly packumentCache full:https://registry.npmjs.org/regenerator-runtime set size:undefined disposed:false
151 http fetch GET 200 https://registry.npmjs.org/svg-pathdata 58ms (cache miss)
152 silly packumentCache full:https://registry.npmjs.org/svg-pathdata set size:undefined disposed:false
153 http fetch GET 200 https://registry.npmjs.org/@types%2fraf 59ms (cache miss)
154 silly packumentCache full:https://registry.npmjs.org/@types%2fraf set size:undefined disposed:false
155 http fetch GET 200 https://registry.npmjs.org/iobuffer 43ms (cache miss)
156 silly packumentCache full:https://registry.npmjs.org/iobuffer set size:undefined disposed:false
157 http fetch GET 200 https://registry.npmjs.org/@types%2fpako 219ms (cache miss)
158 silly packumentCache full:https://registry.npmjs.org/@types%2fpako set size:undefined disposed:false
159 silly placeDep ROOT @types/raf@3.4.3 OK for: canvg@3.0.11 want: ^3.4.0
160 silly placeDep ROOT raf@3.4.1 OK for: canvg@3.0.11 want: ^3.4.1
161 silly placeDep ROOT regenerator-runtime@0.13.11 OK for: canvg@3.0.11 want: ^0.13.7
162 silly placeDep ROOT rgbcolor@1.0.1 OK for: canvg@3.0.11 want: ^1.0.1
163 silly placeDep ROOT stackblur-canvas@2.7.0 OK for: canvg@3.0.11 want: ^2.0.0
164 silly placeDep ROOT svg-pathdata@6.0.3 OK for: canvg@3.0.11 want: ^6.0.3
165 silly fetch manifest performance-now@^2.1.0
166 silly packumentCache full:https://registry.npmjs.org/performance-now cache-miss
167 http fetch GET 200 https://registry.npmjs.org/performance-now 40ms (cache miss)
168 silly packumentCache full:https://registry.npmjs.org/performance-now set size:undefined disposed:false
169 silly placeDep ROOT @types/pako@2.0.4 OK for: fast-png@6.4.0 want: ^2.0.3
170 silly placeDep ROOT iobuffer@5.4.0 OK for: fast-png@6.4.0 want: ^5.3.2
171 silly placeDep ROOT pako@2.1.0 OK for: fast-png@6.4.0 want: ^2.1.0
172 silly placeDep ROOT performance-now@2.1.0 OK for: raf@3.4.1 want: ^2.1.0
173 silly placeDep ROOT base64-arraybuffer@1.0.2 OK for: utrie@1.0.2 want: ^1.0.2
174 silly reify moves {}
175 silly audit bulk request {
175 silly audit   '@alloc/quick-lru': [ '5.2.0' ],
175 silly audit   '@babel/code-frame': [ '7.29.0' ],
175 silly audit   '@babel/compat-data': [ '7.29.0' ],
175 silly audit   '@babel/core': [ '7.29.0' ],
175 silly audit   '@babel/generator': [ '7.29.1' ],
175 silly audit   '@babel/helper-compilation-targets': [ '7.28.6' ],
175 silly audit   '@babel/helper-globals': [ '7.28.0' ],
175 silly audit   '@babel/helper-module-imports': [ '7.28.6' ],
175 silly audit   '@babel/helper-module-transforms': [ '7.28.6' ],
175 silly audit   '@babel/helper-string-parser': [ '7.27.1' ],
175 silly audit   '@babel/helper-validator-identifier': [ '7.28.5' ],
175 silly audit   '@babel/helper-validator-option': [ '7.27.1' ],
175 silly audit   '@babel/helpers': [ '7.28.6' ],
175 silly audit   '@babel/parser': [ '7.29.0' ],
175 silly audit   '@babel/template': [ '7.28.6' ],
175 silly audit   '@babel/traverse': [ '7.29.0' ],
175 silly audit   '@babel/types': [ '7.29.0' ],
175 silly audit   '@emnapi/core': [ '1.8.1' ],
175 silly audit   '@emnapi/runtime': [ '1.8.1' ],
175 silly audit   '@emnapi/wasi-threads': [ '1.1.0' ],
175 silly audit   '@eslint-community/eslint-utils': [ '4.9.1' ],
175 silly audit   'eslint-visitor-keys': [ '3.4.3', '5.0.1', '4.2.1' ],
175 silly audit   '@eslint-community/regexpp': [ '4.12.2' ],
175 silly audit   '@eslint/config-array': [ '0.21.1' ],
175 silly audit   '@eslint/config-helpers': [ '0.4.2' ],
175 silly audit   '@eslint/core': [ '0.17.0' ],
175 silly audit   '@eslint/eslintrc': [ '3.3.4' ],
175 silly audit   '@eslint/js': [ '9.39.3' ],
175 silly audit   '@eslint/object-schema': [ '2.1.7' ],
175 silly audit   '@eslint/plugin-kit': [ '0.4.1' ],
175 silly audit   '@humanfs/core': [ '0.19.1' ],
175 silly audit   '@humanfs/node': [ '0.16.7' ],
175 silly audit   '@humanwhocodes/module-importer': [ '1.0.1' ],
175 silly audit   '@humanwhocodes/retry': [ '0.4.3' ],
175 silly audit   '@img/colour': [ '1.1.0' ],
175 silly audit   '@img/sharp-darwin-arm64': [ '0.34.5' ],
175 silly audit   '@img/sharp-darwin-x64': [ '0.34.5' ],
175 silly audit   '@img/sharp-libvips-darwin-arm64': [ '1.2.4' ],
175 silly audit   '@img/sharp-libvips-darwin-x64': [ '1.2.4' ],
175 silly audit   '@img/sharp-libvips-linux-arm': [ '1.2.4' ],
175 silly audit   '@img/sharp-libvips-linux-arm64': [ '1.2.4' ],
175 silly audit   '@img/sharp-libvips-linux-ppc64': [ '1.2.4' ],
175 silly audit   '@img/sharp-libvips-linux-riscv64': [ '1.2.4' ],
175 silly audit   '@img/sharp-libvips-linux-s390x': [ '1.2.4' ],
175 silly audit   '@img/sharp-libvips-linux-x64': [ '1.2.4' ],
175 silly audit   '@img/sharp-libvips-linuxmusl-arm64': [ '1.2.4' ],
175 silly audit   '@img/sharp-libvips-linuxmusl-x64': [ '1.2.4' ],
175 silly audit   '@img/sharp-linux-arm': [ '0.34.5' ],
175 silly audit   '@img/sharp-linux-arm64': [ '0.34.5' ],
175 silly audit   '@img/sharp-linux-ppc64': [ '0.34.5' ],
175 silly audit   '@img/sharp-linux-riscv64': [ '0.34.5' ],
175 silly audit   '@img/sharp-linux-s390x': [ '0.34.5' ],
175 silly audit   '@img/sharp-linux-x64': [ '0.34.5' ],
175 silly audit   '@img/sharp-linuxmusl-arm64': [ '0.34.5' ],
175 silly audit   '@img/sharp-linuxmusl-x64': [ '0.34.5' ],
175 silly audit   '@img/sharp-wasm32': [ '0.34.5' ],
175 silly audit   '@img/sharp-win32-arm64': [ '0.34.5' ],
175 silly audit   '@img/sharp-win32-ia32': [ '0.34.5' ],
175 silly audit   '@img/sharp-win32-x64': [ '0.34.5' ],
175 silly audit   '@jridgewell/gen-mapping': [ '0.3.13' ],
175 silly audit   '@jridgewell/remapping': [ '2.3.5' ],
175 silly audit   '@jridgewell/resolve-uri': [ '3.1.2' ],
175 silly audit   '@jridgewell/sourcemap-codec': [ '1.5.5' ],
175 silly audit   '@jridgewell/trace-mapping': [ '0.3.31' ],
175 silly audit   '@napi-rs/wasm-runtime': [ '0.2.12' ],
175 silly audit   '@next/env': [ '16.1.6' ],
175 silly audit   '@next/eslint-plugin-next': [ '16.1.6' ],
175 silly audit   '@next/swc-darwin-arm64': [ '16.1.6' ],
175 silly audit   '@next/swc-darwin-x64': [ '16.1.6' ],
175 silly audit   '@next/swc-linux-arm64-gnu': [ '16.1.6' ],
175 silly audit   '@next/swc-linux-arm64-musl': [ '16.1.6' ],
175 silly audit   '@next/swc-linux-x64-gnu': [ '16.1.6' ],
175 silly audit   '@next/swc-linux-x64-musl': [ '16.1.6' ],
175 silly audit   '@next/swc-win32-arm64-msvc': [ '16.1.6' ],
175 silly audit   '@next/swc-win32-x64-msvc': [ '16.1.6' ],
175 silly audit   '@nodelib/fs.scandir': [ '2.1.5' ],
175 silly audit   '@nodelib/fs.stat': [ '2.0.5' ],
175 silly audit   '@nodelib/fs.walk': [ '1.2.8' ],
175 silly audit   '@nolyfill/is-core-module': [ '1.0.39' ],
175 silly audit   '@rtsao/scc': [ '1.1.0' ],
175 silly audit   '@swc/helpers': [ '0.5.15' ],
175 silly audit   '@tailwindcss/node': [ '4.2.1' ],
175 silly audit   '@tailwindcss/oxide': [ '4.2.1' ],
175 silly audit   '@tailwindcss/oxide-android-arm64': [ '4.2.1' ],
175 silly audit   '@tailwindcss/oxide-darwin-arm64': [ '4.2.1' ],
175 silly audit   '@tailwindcss/oxide-darwin-x64': [ '4.2.1' ],
175 silly audit   '@tailwindcss/oxide-freebsd-x64': [ '4.2.1' ],
175 silly audit   '@tailwindcss/oxide-linux-arm-gnueabihf': [ '4.2.1' ],
175 silly audit   '@tailwindcss/oxide-linux-arm64-gnu': [ '4.2.1' ],
175 silly audit   '@tailwindcss/oxide-linux-arm64-musl': [ '4.2.1' ],
175 silly audit   '@tailwindcss/oxide-linux-x64-gnu': [ '4.2.1' ],
175 silly audit   '@tailwindcss/oxide-linux-x64-musl': [ '4.2.1' ],
175 silly audit   '@tailwindcss/oxide-wasm32-wasi': [ '4.2.1' ],
175 silly audit   '@tailwindcss/oxide-win32-arm64-msvc': [ '4.2.1' ],
175 silly audit   '@tailwindcss/oxide-win32-x64-msvc': [ '4.2.1' ],
175 silly audit   '@tailwindcss/postcss': [ '4.2.1' ],
175 silly audit   '@tybys/wasm-util': [ '0.10.1' ],
175 silly audit   '@types/estree': [ '1.0.8' ],
175 silly audit   '@types/json-schema': [ '7.0.15' ],
175 silly audit   '@types/json5': [ '0.0.29' ],
175 silly audit   '@types/node': [ '20.19.35' ],
175 silly audit   '@types/react': [ '19.2.14' ],
175 silly audit   '@types/react-dom': [ '19.2.3' ],
175 silly audit   '@typescript-eslint/eslint-plugin': [ '8.56.1' ],
175 silly audit   ignore: [ '7.0.5', '5.3.2' ],
175 silly audit   '@typescript-eslint/parser': [ '8.56.1' ],
175 silly audit   '@typescript-eslint/project-service': [ '8.56.1' ],
175 silly audit   '@typescript-eslint/scope-manager': [ '8.56.1' ],
175 silly audit   '@typescript-eslint/tsconfig-utils': [ '8.56.1' ],
175 silly audit   '@typescript-eslint/type-utils': [ '8.56.1' ],
175 silly audit   '@typescript-eslint/types': [ '8.56.1' ],
175 silly audit   '@typescript-eslint/typescript-estree': [ '8.56.1' ],
175 silly audit   'balanced-match': [ '4.0.4', '1.0.2' ],
175 silly audit   'brace-expansion': [ '5.0.4', '1.1.12' ],
175 silly audit   minimatch: [ '10.2.4', '3.1.5' ],
175 silly audit   semver: [ '7.7.4', '6.3.1' ],
175 silly audit   '@typescript-eslint/utils': [ '8.56.1' ],
175 silly audit   '@typescript-eslint/visitor-keys': [ '8.56.1' ],
175 silly audit   '@unrs/resolver-binding-android-arm-eabi': [ '1.11.1' ],
175 silly audit   '@unrs/resolver-binding-android-arm64': [ '1.11.1' ],
175 silly audit   '@unrs/resolver-binding-darwin-arm64': [ '1.11.1' ],
175 silly audit   '@unrs/resolver-binding-darwin-x64': [ '1.11.1' ],
175 silly audit   '@unrs/resolver-binding-freebsd-x64': [ '1.11.1' ],
175 silly audit   '@unrs/resolver-binding-linux-arm-gnueabihf': [ '1.11.1' ],
175 silly audit   '@unrs/resolver-binding-linux-arm-musleabihf': [ '1.11.1' ],
175 silly audit   '@unrs/resolver-binding-linux-arm64-gnu': [ '1.11.1' ],
175 silly audit   '@unrs/resolver-binding-linux-arm64-musl': [ '1.11.1' ],
175 silly audit   '@unrs/resolver-binding-linux-ppc64-gnu': [ '1.11.1' ],
175 silly audit   '@unrs/resolver-binding-linux-riscv64-gnu': [ '1.11.1' ],
175 silly audit   '@unrs/resolver-binding-linux-riscv64-musl': [ '1.11.1' ],
175 silly audit   '@unrs/resolver-binding-linux-s390x-gnu': [ '1.11.1' ],
175 silly audit   '@unrs/resolver-binding-linux-x64-gnu': [ '1.11.1' ],
175 silly audit   '@unrs/resolver-binding-linux-x64-musl': [ '1.11.1' ],
175 silly audit   '@unrs/resolver-binding-wasm32-wasi': [ '1.11.1' ],
175 silly audit   '@unrs/resolver-binding-win32-arm64-msvc': [ '1.11.1' ],
175 silly audit   '@unrs/resolver-binding-win32-ia32-msvc': [ '1.11.1' ],
175 silly audit   '@unrs/resolver-binding-win32-x64-msvc': [ '1.11.1' ],
175 silly audit   acorn: [ '8.16.0' ],
175 silly audit   'acorn-jsx': [ '5.3.2' ],
175 silly audit   ajv: [ '6.14.0' ],
175 silly audit   'ansi-styles': [ '4.3.0' ],
175 silly audit   argparse: [ '2.0.1' ],
175 silly audit   'aria-query': [ '5.3.2' ],
175 silly audit   'array-buffer-byte-length': [ '1.0.2' ],
175 silly audit   'array-includes': [ '3.1.9' ],
175 silly audit   'array.prototype.findlast': [ '1.2.5' ],
175 silly audit   'array.prototype.findlastindex': [ '1.2.6' ],
175 silly audit   'array.prototype.flat': [ '1.3.3' ],
175 silly audit   'array.prototype.flatmap': [ '1.3.3' ],
175 silly audit   'array.prototype.tosorted': [ '1.1.4' ],
175 silly audit   'arraybuffer.prototype.slice': [ '1.0.4' ],
175 silly audit   'ast-types-flow': [ '0.0.8' ],
175 silly audit   'async-function': [ '1.0.0' ],
175 silly audit   'available-typed-arrays': [ '1.0.7' ],
175 silly audit   'axe-core': [ '4.11.1' ],
175 silly audit   'axobject-query': [ '4.1.0' ],
175 silly audit   'baseline-browser-mapping': [ '2.10.0' ],
175 silly audit   braces: [ '3.0.3' ],
175 silly audit   browserslist: [ '4.28.1' ],
175 silly audit   'call-bind': [ '1.0.8' ],
175 silly audit   'call-bind-apply-helpers': [ '1.0.2' ],
175 silly audit   'call-bound': [ '1.0.4' ],
175 silly audit   callsites: [ '3.1.0' ],
175 silly audit   'caniuse-lite': [ '1.0.30001776' ],
175 silly audit   chalk: [ '4.1.2' ],
175 silly audit   'client-only': [ '0.0.1' ],
175 silly audit   'color-convert': [ '2.0.1' ],
175 silly audit   'color-name': [ '1.1.4' ],
175 silly audit   'concat-map': [ '0.0.1' ],
175 silly audit   'convert-source-map': [ '2.0.0' ],
175 silly audit   'cross-spawn': [ '7.0.6' ],
175 silly audit   csstype: [ '3.2.3' ],
175 silly audit   'damerau-levenshtein': [ '1.0.8' ],
175 silly audit   'data-view-buffer': [ '1.0.2' ],
175 silly audit   'data-view-byte-length': [ '1.0.2' ],
175 silly audit   'data-view-byte-offset': [ '1.0.1' ],
175 silly audit   debug: [ '4.4.3', '3.2.7' ],
175 silly audit   'deep-is': [ '0.1.4' ],
175 silly audit   'define-data-property': [ '1.1.4' ],
175 silly audit   'define-properties': [ '1.2.1' ],
175 silly audit   'detect-libc': [ '2.1.2' ],
175 silly audit   doctrine: [ '2.1.0' ],
175 silly audit   'dunder-proto': [ '1.0.1' ],
175 silly audit   'electron-to-chromium': [ '1.5.307' ],
175 silly audit   'emoji-regex': [ '9.2.2' ],
175 silly audit   'enhanced-resolve': [ '5.20.0' ],
175 silly audit   'es-abstract': [ '1.24.1' ],
175 silly audit   'es-define-property': [ '1.0.1' ],
175 silly audit   'es-errors': [ '1.3.0' ],
175 silly audit   'es-iterator-helpers': [ '1.2.2' ],
175 silly audit   'es-object-atoms': [ '1.1.1' ],
175 silly audit   'es-set-tostringtag': [ '2.1.0' ],
175 silly audit   'es-shim-unscopables': [ '1.1.0' ],
175 silly audit   'es-to-primitive': [ '1.3.0' ],
175 silly audit   escalade: [ '3.2.0' ],
175 silly audit   'escape-string-regexp': [ '4.0.0' ],
175 silly audit   eslint: [ '9.39.3' ],
175 silly audit   'eslint-config-next': [ '16.1.6' ],
175 silly audit   globals: [ '16.4.0', '14.0.0' ],
175 silly audit   'eslint-import-resolver-node': [ '0.3.9' ],
175 silly audit   'eslint-import-resolver-typescript': [ '3.10.1' ],
175 silly audit   'eslint-module-utils': [ '2.12.1' ],
175 silly audit   'eslint-plugin-import': [ '2.32.0' ],
175 silly audit   'eslint-plugin-jsx-a11y': [ '6.10.2' ],
175 silly audit   'eslint-plugin-react': [ '7.37.5' ],
175 silly audit   'eslint-plugin-react-hooks': [ '7.0.1' ],
175 silly audit   resolve: [ '2.0.0-next.6', '1.22.11' ],
175 silly audit   'eslint-scope': [ '8.4.0' ],
175 silly audit   espree: [ '10.4.0' ],
175 silly audit   esquery: [ '1.7.0' ],
175 silly audit   esrecurse: [ '4.3.0' ],
175 silly audit   estraverse: [ '5.3.0' ],
175 silly audit   esutils: [ '2.0.3' ],
175 silly audit   'fast-deep-equal': [ '3.1.3' ],
175 silly audit   'fast-glob': [ '3.3.1' ],
175 silly audit   'glob-parent': [ '5.1.2', '6.0.2' ],
175 silly audit   'fast-json-stable-stringify': [ '2.1.0' ],
175 silly audit   'fast-levenshtein': [ '2.0.6' ],
175 silly audit   fastq: [ '1.20.1' ],
175 silly audit   'file-entry-cache': [ '8.0.0' ],
175 silly audit   'fill-range': [ '7.1.1' ],
175 silly audit   'find-up': [ '5.0.0' ],
175 silly audit   'flat-cache': [ '4.0.1' ],
175 silly audit   flatted: [ '3.3.4' ],
175 silly audit   'for-each': [ '0.3.5' ],
175 silly audit   'function-bind': [ '1.1.2' ],
175 silly audit   'function.prototype.name': [ '1.1.8' ],
175 silly audit   'functions-have-names': [ '1.2.3' ],
175 silly audit   'generator-function': [ '2.0.1' ],
175 silly audit   gensync: [ '1.0.0-beta.2' ],
175 silly audit   'get-intrinsic': [ '1.3.0' ],
175 silly audit   'get-proto': [ '1.0.1' ],
175 silly audit   'get-symbol-description': [ '1.1.0' ],
175 silly audit   'get-tsconfig': [ '4.13.6' ],
175 silly audit   globalthis: [ '1.0.4' ],
175 silly audit   gopd: [ '1.2.0' ],
175 silly audit   'graceful-fs': [ '4.2.11' ],
175 silly audit   'has-bigints': [ '1.1.0' ],
175 silly audit   'has-flag': [ '4.0.0' ],
175 silly audit   'has-property-descriptors': [ '1.0.2' ],
175 silly audit   'has-proto': [ '1.2.0' ],
175 silly audit   'has-symbols': [ '1.1.0' ],
175 silly audit   'has-tostringtag': [ '1.0.2' ],
175 silly audit   hasown: [ '2.0.2' ],
175 silly audit   'hermes-estree': [ '0.25.1' ],
175 silly audit   'hermes-parser': [ '0.25.1' ],
175 silly audit   'import-fresh': [ '3.3.1' ],
175 silly audit   imurmurhash: [ '0.1.4' ],
175 silly audit   'internal-slot': [ '1.1.0' ],
175 silly audit   'is-array-buffer': [ '3.0.5' ],
175 silly audit   'is-async-function': [ '2.1.1' ],
175 silly audit   'is-bigint': [ '1.1.0' ],
175 silly audit   'is-boolean-object': [ '1.2.2' ],
175 silly audit   'is-bun-module': [ '2.0.0' ],
175 silly audit   'is-callable': [ '1.2.7' ],
175 silly audit   'is-core-module': [ '2.16.1' ],
175 silly audit   'is-data-view': [ '1.0.2' ],
175 silly audit   'is-date-object': [ '1.1.0' ],
175 silly audit   'is-extglob': [ '2.1.1' ],
175 silly audit   'is-finalizationregistry': [ '1.1.1' ],
175 silly audit   'is-generator-function': [ '1.1.2' ],
175 silly audit   'is-glob': [ '4.0.3' ],
175 silly audit   'is-map': [ '2.0.3' ],
175 silly audit   'is-negative-zero': [ '2.0.3' ],
175 silly audit   'is-number': [ '7.0.0' ],
175 silly audit   'is-number-object': [ '1.1.1' ],
175 silly audit   'is-regex': [ '1.2.1' ],
175 silly audit   'is-set': [ '2.0.3' ],
175 silly audit   'is-shared-array-buffer': [ '1.0.4' ],
175 silly audit   'is-string': [ '1.1.1' ],
175 silly audit   'is-symbol': [ '1.1.1' ],
175 silly audit   'is-typed-array': [ '1.1.15' ],
175 silly audit   'is-weakmap': [ '2.0.2' ],
175 silly audit   'is-weakref': [ '1.1.1' ],
175 silly audit   'is-weakset': [ '2.0.4' ],
175 silly audit   isarray: [ '2.0.5' ],
175 silly audit   isexe: [ '2.0.0' ],
175 silly audit   'iterator.prototype': [ '1.1.5' ],
175 silly audit   jiti: [ '2.6.1' ],
175 silly audit   'js-tokens': [ '4.0.0' ],
175 silly audit   'js-yaml': [ '4.1.1' ],
175 silly audit   jsesc: [ '3.1.0' ],
175 silly audit   'json-buffer': [ '3.0.1' ],
175 silly audit   'json-schema-traverse': [ '0.4.1' ],
175 silly audit   'json-stable-stringify-without-jsonify': [ '1.0.1' ],
175 silly audit   json5: [ '2.2.3', '1.0.2' ],
175 silly audit   'jsx-ast-utils': [ '3.3.5' ],
175 silly audit   keyv: [ '4.5.4' ],
175 silly audit   'language-subtag-registry': [ '0.3.23' ],
175 silly audit   'language-tags': [ '1.0.9' ],
175 silly audit   levn: [ '0.4.1' ],
175 silly audit   lightningcss: [ '1.31.1' ],
175 silly audit   'lightningcss-android-arm64': [ '1.31.1' ],
175 silly audit   'lightningcss-darwin-arm64': [ '1.31.1' ],
175 silly audit   'lightningcss-darwin-x64': [ '1.31.1' ],
175 silly audit   'lightningcss-freebsd-x64': [ '1.31.1' ],
175 silly audit   'lightningcss-linux-arm-gnueabihf': [ '1.31.1' ],
175 silly audit   'lightningcss-linux-arm64-gnu': [ '1.31.1' ],
175 silly audit   'lightningcss-linux-arm64-musl': [ '1.31.1' ],
175 silly audit   'lightningcss-linux-x64-gnu': [ '1.31.1' ],
175 silly audit   'lightningcss-linux-x64-musl': [ '1.31.1' ],
175 silly audit   'lightningcss-win32-arm64-msvc': [ '1.31.1' ],
175 silly audit   'lightningcss-win32-x64-msvc': [ '1.31.1' ],
175 silly audit   'locate-path': [ '6.0.0' ],
175 silly audit   'lodash.merge': [ '4.6.2' ],
175 silly audit   'loose-envify': [ '1.4.0' ],
175 silly audit   'lru-cache': [ '5.1.1' ],
175 silly audit   'magic-string': [ '0.30.21' ],
175 silly audit   'math-intrinsics': [ '1.1.0' ],
175 silly audit   merge2: [ '1.4.1' ],
175 silly audit   micromatch: [ '4.0.8' ],
175 silly audit   minimist: [ '1.2.8' ],
175 silly audit   ms: [ '2.1.3' ],
175 silly audit   nanoid: [ '3.3.11' ],
175 silly audit   'napi-postinstall': [ '0.3.4' ],
175 silly audit   'natural-compare': [ '1.4.0' ],
175 silly audit   next: [ '16.1.6' ],
175 silly audit   postcss: [ '8.4.31', '8.5.8' ],
175 silly audit   'node-exports-info': [ '1.6.0' ],
175 silly audit   'node-releases': [ '2.0.27' ],
175 silly audit   'object-assign': [ '4.1.1' ],
175 silly audit   'object-inspect': [ '1.13.4' ],
175 silly audit   'object-keys': [ '1.1.1' ],
175 silly audit   'object.assign': [ '4.1.7' ],
175 silly audit   'object.entries': [ '1.1.9' ],
175 silly audit   'object.fromentries': [ '2.0.8' ],
175 silly audit   'object.groupby': [ '1.0.3' ],
175 silly audit   'object.values': [ '1.2.1' ],
175 silly audit   optionator: [ '0.9.4' ],
175 silly audit   'own-keys': [ '1.0.1' ],
175 silly audit   'p-limit': [ '3.1.0' ],
175 silly audit   'p-locate': [ '5.0.0' ],
175 silly audit   'parent-module': [ '1.0.1' ],
175 silly audit   'path-exists': [ '4.0.0' ],
175 silly audit   'path-key': [ '3.1.1' ],
175 silly audit   'path-parse': [ '1.0.7' ],
175 silly audit   picocolors: [ '1.1.1' ],
175 silly audit   picomatch: [ '2.3.1', '4.0.3' ],
175 silly audit   'possible-typed-array-names': [ '1.1.0' ],
175 silly audit   'prelude-ls': [ '1.2.1' ],
175 silly audit   'prop-types': [ '15.8.1' ],
175 silly audit   punycode: [ '2.3.1' ],
175 silly audit   'queue-microtask': [ '1.2.3' ],
175 silly audit   react: [ '19.2.3' ],
175 silly audit   'react-dom': [ '19.2.3' ],
175 silly audit   'react-is': [ '16.13.1' ],
175 silly audit   'reflect.getprototypeof': [ '1.0.10' ],
175 silly audit   'regexp.prototype.flags': [ '1.5.4' ],
175 silly audit   'resolve-from': [ '4.0.0' ],
175 silly audit   'resolve-pkg-maps': [ '1.0.0' ],
175 silly audit   reusify: [ '1.1.0' ],
175 silly audit   'run-parallel': [ '1.2.0' ],
175 silly audit   'safe-array-concat': [ '1.1.3' ],
175 silly audit   'safe-push-apply': [ '1.0.0' ],
175 silly audit   'safe-regex-test': [ '1.1.0' ],
175 silly audit   scheduler: [ '0.27.0' ],
175 silly audit   'set-function-length': [ '1.2.2' ],
175 silly audit   'set-function-name': [ '2.0.2' ],
175 silly audit   'set-proto': [ '1.0.0' ],
175 silly audit   sharp: [ '0.34.5' ],
175 silly audit   'shebang-command': [ '2.0.0' ],
175 silly audit   'shebang-regex': [ '3.0.0' ],
175 silly audit   'side-channel': [ '1.1.0' ],
175 silly audit   'side-channel-list': [ '1.0.0' ],
175 silly audit   'side-channel-map': [ '1.0.1' ],
175 silly audit   'side-channel-weakmap': [ '1.0.2' ],
175 silly audit   'source-map-js': [ '1.2.1' ],
175 silly audit   'stable-hash': [ '0.0.5' ],
175 silly audit   'stop-iteration-iterator': [ '1.1.0' ],
175 silly audit   'string.prototype.includes': [ '2.0.1' ],
175 silly audit   'string.prototype.matchall': [ '4.0.12' ],
175 silly audit   'string.prototype.repeat': [ '1.0.0' ],
175 silly audit   'string.prototype.trim': [ '1.2.10' ],
175 silly audit   'string.prototype.trimend': [ '1.0.9' ],
175 silly audit   'string.prototype.trimstart': [ '1.0.8' ],
175 silly audit   'strip-bom': [ '3.0.0' ],
175 silly audit   'strip-json-comments': [ '3.1.1' ],
175 silly audit   'styled-jsx': [ '5.1.6' ],
175 silly audit   'supports-color': [ '7.2.0' ],
175 silly audit   'supports-preserve-symlinks-flag': [ '1.0.0' ],
175 silly audit   tailwindcss: [ '4.2.1' ],
175 silly audit   tapable: [ '2.3.0' ],
175 silly audit   tinyglobby: [ '0.2.15' ],
175 silly audit   fdir: [ '6.5.0' ],
175 silly audit   'to-regex-range': [ '5.0.1' ],
175 silly audit   'ts-api-utils': [ '2.4.0' ],
175 silly audit   'tsconfig-paths': [ '3.15.0' ],
175 silly audit   tslib: [ '2.8.1' ],
175 silly audit   'type-check': [ '0.4.0' ],
175 silly audit   'typed-array-buffer': [ '1.0.3' ],
175 silly audit   'typed-array-byte-length': [ '1.0.3' ],
175 silly audit   'typed-array-byte-offset': [ '1.0.4' ],
175 silly audit   'typed-array-length': [ '1.0.7' ],
175 silly audit   typescript: [ '5.9.3' ],
175 silly audit   'typescript-eslint': [ '8.56.1' ],
175 silly audit   'unbox-primitive': [ '1.1.0' ],
175 silly audit   'undici-types': [ '6.21.0' ],
175 silly audit   'unrs-resolver': [ '1.11.1' ],
175 silly audit   'update-browserslist-db': [ '1.2.3' ],
175 silly audit   'uri-js': [ '4.4.1' ],
175 silly audit   which: [ '2.0.2' ],
175 silly audit   'which-boxed-primitive': [ '1.1.1' ],
175 silly audit   'which-builtin-type': [ '1.2.1' ],
175 silly audit   'which-collection': [ '1.0.2' ],
175 silly audit   'which-typed-array': [ '1.1.20' ],
175 silly audit   'word-wrap': [ '1.2.5' ],
175 silly audit   yallist: [ '3.1.1' ],
175 silly audit   'yocto-queue': [ '0.1.0' ],
175 silly audit   zod: [ '4.3.6' ],
175 silly audit   'zod-validation-error': [ '4.0.2' ],
175 silly audit   'framer-motion': [ '12.34.5' ],
175 silly audit   'html2pdf.js': [ '0.14.0' ],
175 silly audit   'lucide-react': [ '0.576.0' ],
175 silly audit   'motion-dom': [ '12.34.5' ],
175 silly audit   'motion-utils': [ '12.29.2' ],
175 silly audit   dompurify: [ '3.3.1' ],
175 silly audit   html2canvas: [ '1.4.1' ],
175 silly audit   jspdf: [ '4.2.0' ],
175 silly audit   '@types/trusted-types': [ '2.0.7' ],
175 silly audit   'css-line-break': [ '2.1.0' ],
175 silly audit   'text-segmentation': [ '1.0.3' ],
175 silly audit   utrie: [ '1.0.2' ],
175 silly audit   '@babel/runtime': [ '7.28.6' ],
175 silly audit   canvg: [ '3.0.11' ],
175 silly audit   'core-js': [ '3.48.0' ],
175 silly audit   'fast-png': [ '6.4.0' ],
175 silly audit   fflate: [ '0.8.2' ],
175 silly audit   '@types/raf': [ '3.4.3' ],
175 silly audit   raf: [ '3.4.1' ],
175 silly audit   'regenerator-runtime': [ '0.13.11' ],
175 silly audit   rgbcolor: [ '1.0.1' ],
175 silly audit   'stackblur-canvas': [ '2.7.0' ],
175 silly audit   'svg-pathdata': [ '6.0.3' ],
175 silly audit   '@types/pako': [ '2.0.4' ],
175 silly audit   iobuffer: [ '5.4.0' ],
175 silly audit   pako: [ '2.1.0' ],
175 silly audit   'performance-now': [ '2.1.0' ],
175 silly audit   'base64-arraybuffer': [ '1.0.2' ]
175 silly audit }
176 http cache base64-arraybuffer@https://registry.npmjs.org/base64-arraybuffer/-/base64-arraybuffer-1.0.2.tgz 0ms (cache hit)
177 http cache svg-pathdata@https://registry.npmjs.org/svg-pathdata/-/svg-pathdata-6.0.3.tgz 0ms (cache hit)
178 http cache @types/pako@https://registry.npmjs.org/@types/pako/-/pako-2.0.4.tgz 0ms (cache hit)
179 http cache stackblur-canvas@https://registry.npmjs.org/stackblur-canvas/-/stackblur-canvas-2.7.0.tgz 0ms (cache hit)
180 http cache pako@https://registry.npmjs.org/pako/-/pako-2.1.0.tgz 0ms (cache hit)
181 http cache iobuffer@https://registry.npmjs.org/iobuffer/-/iobuffer-5.4.0.tgz 0ms (cache hit)
182 http cache performance-now@https://registry.npmjs.org/performance-now/-/performance-now-2.1.0.tgz 0ms (cache hit)
183 http cache rgbcolor@https://registry.npmjs.org/rgbcolor/-/rgbcolor-1.0.1.tgz 0ms (cache hit)
184 http cache core-js@https://registry.npmjs.org/core-js/-/core-js-3.48.0.tgz 0ms (cache hit)
185 http cache fflate@https://registry.npmjs.org/fflate/-/fflate-0.8.2.tgz 0ms (cache hit)
186 http cache canvg@https://registry.npmjs.org/canvg/-/canvg-3.0.11.tgz 0ms (cache hit)
187 http cache utrie@https://registry.npmjs.org/utrie/-/utrie-1.0.2.tgz 0ms (cache hit)
188 http cache @babel/runtime@https://registry.npmjs.org/@babel/runtime/-/runtime-7.28.6.tgz 0ms (cache hit)
189 http cache @types/raf@https://registry.npmjs.org/@types/raf/-/raf-3.4.3.tgz 0ms (cache hit)
190 http cache text-segmentation@https://registry.npmjs.org/text-segmentation/-/text-segmentation-1.0.3.tgz 0ms (cache hit)
191 http cache raf@https://registry.npmjs.org/raf/-/raf-3.4.1.tgz 0ms (cache hit)
192 http cache @types/trusted-types@https://registry.npmjs.org/@types/trusted-types/-/trusted-types-2.0.7.tgz 0ms (cache hit)
193 http cache css-line-break@https://registry.npmjs.org/css-line-break/-/css-line-break-2.1.0.tgz 0ms (cache hit)
194 http cache fast-png@https://registry.npmjs.org/fast-png/-/fast-png-6.4.0.tgz 0ms (cache hit)
195 http cache regenerator-runtime@https://registry.npmjs.org/regenerator-runtime/-/regenerator-runtime-0.13.11.tgz 0ms (cache hit)
196 http cache dompurify@https://registry.npmjs.org/dompurify/-/dompurify-3.3.1.tgz 0ms (cache hit)
197 http cache html2canvas@https://registry.npmjs.org/html2canvas/-/html2canvas-1.4.1.tgz 0ms (cache hit)
198 http cache motion-dom@https://registry.npmjs.org/motion-dom/-/motion-dom-12.34.5.tgz 0ms (cache hit)
199 http cache framer-motion@https://registry.npmjs.org/framer-motion/-/framer-motion-12.34.5.tgz 0ms (cache hit)
200 http cache jspdf@https://registry.npmjs.org/jspdf/-/jspdf-4.2.0.tgz 0ms (cache hit)
201 silly tarball no local data for base64-arraybuffer@https://registry.npmjs.org/base64-arraybuffer/-/base64-arraybuffer-1.0.2.tgz. Extracting by manifest.
202 http cache html2pdf.js@https://registry.npmjs.org/html2pdf.js/-/html2pdf.js-0.14.0.tgz 0ms (cache hit)
203 silly tarball no local data for svg-pathdata@https://registry.npmjs.org/svg-pathdata/-/svg-pathdata-6.0.3.tgz. Extracting by manifest.
204 http cache motion-utils@https://registry.npmjs.org/motion-utils/-/motion-utils-12.29.2.tgz 0ms (cache hit)
205 http cache lucide-react@https://registry.npmjs.org/lucide-react/-/lucide-react-0.576.0.tgz 0ms (cache hit)
206 silly tarball no local data for @types/pako@https://registry.npmjs.org/@types/pako/-/pako-2.0.4.tgz. Extracting by manifest.
207 silly tarball no local data for stackblur-canvas@https://registry.npmjs.org/stackblur-canvas/-/stackblur-canvas-2.7.0.tgz. Extracting by manifest.
208 silly tarball no local data for pako@https://registry.npmjs.org/pako/-/pako-2.1.0.tgz. Extracting by manifest.
209 silly tarball no local data for iobuffer@https://registry.npmjs.org/iobuffer/-/iobuffer-5.4.0.tgz. Extracting by manifest.
210 silly tarball no local data for performance-now@https://registry.npmjs.org/performance-now/-/performance-now-2.1.0.tgz. Extracting by manifest.
211 silly tarball no local data for rgbcolor@https://registry.npmjs.org/rgbcolor/-/rgbcolor-1.0.1.tgz. Extracting by manifest.
212 silly tarball no local data for core-js@https://registry.npmjs.org/core-js/-/core-js-3.48.0.tgz. Extracting by manifest.
213 silly tarball no local data for fflate@https://registry.npmjs.org/fflate/-/fflate-0.8.2.tgz. Extracting by manifest.
214 silly tarball no local data for canvg@https://registry.npmjs.org/canvg/-/canvg-3.0.11.tgz. Extracting by manifest.
215 silly tarball no local data for utrie@https://registry.npmjs.org/utrie/-/utrie-1.0.2.tgz. Extracting by manifest.
216 silly tarball no local data for @babel/runtime@https://registry.npmjs.org/@babel/runtime/-/runtime-7.28.6.tgz. Extracting by manifest.
217 silly tarball no local data for @types/raf@https://registry.npmjs.org/@types/raf/-/raf-3.4.3.tgz. Extracting by manifest.
218 silly tarball no local data for text-segmentation@https://registry.npmjs.org/text-segmentation/-/text-segmentation-1.0.3.tgz. Extracting by manifest.
219 silly tarball no local data for raf@https://registry.npmjs.org/raf/-/raf-3.4.1.tgz. Extracting by manifest.
220 silly tarball no local data for @types/trusted-types@https://registry.npmjs.org/@types/trusted-types/-/trusted-types-2.0.7.tgz. Extracting by manifest.
221 silly tarball no local data for css-line-break@https://registry.npmjs.org/css-line-break/-/css-line-break-2.1.0.tgz. Extracting by manifest.
222 silly tarball no local data for fast-png@https://registry.npmjs.org/fast-png/-/fast-png-6.4.0.tgz. Extracting by manifest.
223 silly tarball no local data for regenerator-runtime@https://registry.npmjs.org/regenerator-runtime/-/regenerator-runtime-0.13.11.tgz. Extracting by manifest.
224 silly tarball no local data for dompurify@https://registry.npmjs.org/dompurify/-/dompurify-3.3.1.tgz. Extracting by manifest.
225 silly tarball no local data for html2canvas@https://registry.npmjs.org/html2canvas/-/html2canvas-1.4.1.tgz. Extracting by manifest.
226 silly tarball no local data for motion-dom@https://registry.npmjs.org/motion-dom/-/motion-dom-12.34.5.tgz. Extracting by manifest.
227 silly tarball no local data for framer-motion@https://registry.npmjs.org/framer-motion/-/framer-motion-12.34.5.tgz. Extracting by manifest.
228 silly tarball no local data for jspdf@https://registry.npmjs.org/jspdf/-/jspdf-4.2.0.tgz. Extracting by manifest.
229 silly tarball no local data for html2pdf.js@https://registry.npmjs.org/html2pdf.js/-/html2pdf.js-0.14.0.tgz. Extracting by manifest.
230 silly tarball no local data for motion-utils@https://registry.npmjs.org/motion-utils/-/motion-utils-12.29.2.tgz. Extracting by manifest.
231 silly tarball no local data for lucide-react@https://registry.npmjs.org/lucide-react/-/lucide-react-0.576.0.tgz. Extracting by manifest.
232 http fetch GET 200 https://registry.npmjs.org/base64-arraybuffer/-/base64-arraybuffer-1.0.2.tgz 67ms (cache miss)
233 http fetch GET 200 https://registry.npmjs.org/stackblur-canvas/-/stackblur-canvas-2.7.0.tgz 71ms (cache miss)
234 http fetch GET 200 https://registry.npmjs.org/iobuffer/-/iobuffer-5.4.0.tgz 71ms (cache miss)
235 http fetch GET 200 https://registry.npmjs.org/svg-pathdata/-/svg-pathdata-6.0.3.tgz 80ms (cache miss)
236 http fetch GET 200 https://registry.npmjs.org/raf/-/raf-3.4.1.tgz 92ms (cache miss)
237 http fetch GET 200 https://registry.npmjs.org/text-segmentation/-/text-segmentation-1.0.3.tgz 103ms (cache miss)
238 http fetch GET 200 https://registry.npmjs.org/@types/trusted-types/-/trusted-types-2.0.7.tgz 115ms (cache miss)
239 http fetch GET 200 https://registry.npmjs.org/pako/-/pako-2.1.0.tgz 123ms (cache miss)
240 http fetch GET 200 https://registry.npmjs.org/performance-now/-/performance-now-2.1.0.tgz 128ms (cache miss)
241 http fetch GET 200 https://registry.npmjs.org/css-line-break/-/css-line-break-2.1.0.tgz 146ms (cache miss)
242 http fetch GET 200 https://registry.npmjs.org/@types/raf/-/raf-3.4.3.tgz 154ms (cache miss)
243 http fetch GET 200 https://registry.npmjs.org/regenerator-runtime/-/regenerator-runtime-0.13.11.tgz 181ms (cache miss)
244 http fetch GET 200 https://registry.npmjs.org/rgbcolor/-/rgbcolor-1.0.1.tgz 189ms (cache miss)
245 http fetch GET 200 https://registry.npmjs.org/fast-png/-/fast-png-6.4.0.tgz 217ms (cache miss)
246 http fetch GET 200 https://registry.npmjs.org/dompurify/-/dompurify-3.3.1.tgz 231ms (cache miss)
247 http fetch POST 200 https://registry.npmjs.org/-/npm/v1/security/advisories/bulk 267ms
248 silly audit report {}
249 http fetch GET 200 https://registry.npmjs.org/@babel/runtime/-/runtime-7.28.6.tgz 277ms (cache miss)
250 http fetch GET 200 https://registry.npmjs.org/@types/pako/-/pako-2.0.4.tgz 302ms (cache miss)
251 http fetch GET 200 https://registry.npmjs.org/utrie/-/utrie-1.0.2.tgz 404ms (cache miss)
252 http fetch GET 200 https://registry.npmjs.org/fflate/-/fflate-0.8.2.tgz 416ms (cache miss)
253 http fetch GET 200 https://registry.npmjs.org/canvg/-/canvg-3.0.11.tgz 421ms (cache miss)
254 http fetch GET 200 https://registry.npmjs.org/motion-utils/-/motion-utils-12.29.2.tgz 652ms (cache miss)
255 http fetch GET 200 https://registry.npmjs.org/html2canvas/-/html2canvas-1.4.1.tgz 764ms (cache miss)
256 http fetch GET 200 https://registry.npmjs.org/motion-dom/-/motion-dom-12.34.5.tgz 1138ms (cache miss)
257 http fetch GET 200 https://registry.npmjs.org/framer-motion/-/framer-motion-12.34.5.tgz 1157ms (cache miss)
258 http fetch GET 200 https://registry.npmjs.org/core-js/-/core-js-3.48.0.tgz 1416ms (cache miss)
259 http fetch GET 200 https://registry.npmjs.org/jspdf/-/jspdf-4.2.0.tgz 1668ms (cache miss)
260 http fetch GET 200 https://registry.npmjs.org/html2pdf.js/-/html2pdf.js-0.14.0.tgz 2057ms (cache miss)
261 http fetch GET 200 https://registry.npmjs.org/lucide-react/-/lucide-react-0.576.0.tgz 2193ms (cache miss)
262 info run core-js@3.48.0 postinstall node_modules/core-js node -e "try{require('./postinstall')}catch(e){}"
263 info run core-js@3.48.0 postinstall { code: 0, signal: null }
264 silly ADD node_modules/base64-arraybuffer
265 silly ADD node_modules/performance-now
266 silly ADD node_modules/pako
267 silly ADD node_modules/iobuffer
268 silly ADD node_modules/@types/pako
269 silly ADD node_modules/svg-pathdata
270 silly ADD node_modules/stackblur-canvas
271 silly ADD node_modules/rgbcolor
272 silly ADD node_modules/regenerator-runtime
273 silly ADD node_modules/raf
274 silly ADD node_modules/@types/raf
275 silly ADD node_modules/fflate
276 silly ADD node_modules/fast-png
277 silly ADD node_modules/core-js
278 silly ADD node_modules/canvg
279 silly ADD node_modules/@babel/runtime
280 silly ADD node_modules/utrie
281 silly ADD node_modules/text-segmentation
282 silly ADD node_modules/css-line-break
283 silly ADD node_modules/@types/trusted-types
284 silly ADD node_modules/jspdf
285 silly ADD node_modules/html2canvas
286 silly ADD node_modules/dompurify
287 silly ADD node_modules/motion-utils
288 silly ADD node_modules/motion-dom
289 silly ADD node_modules/lucide-react
290 silly ADD node_modules/html2pdf.js
291 silly ADD node_modules/framer-motion
292 verbose cwd /Users/andrew/Library/CloudStorage/GoogleDrive-mrakingston@gmail.com/My Drive/Vercel projects/Pharmacoepidemiology/presentation
293 verbose os Darwin 25.3.0
294 verbose node v24.11.1
295 verbose npm  v11.6.2
296 verbose exit 0
297 info ok
